app/build/intermediates/manifest_merge_blame_file/debug/manifest-merger-blame-debug-report.txt
1<?xml version="1.0" encoding="utf-8"?>
2<manifest xmlns:android="http://schemas.android.com/apk/res/android"
3    package="com.sleepingpandaaa.bankingsystem"
4    android:versionCode="1"
5    android:versionName="1.0" >
6
7    <uses-sdk
8        android:minSdkVersion="21"
8-->src\main\AndroidManifest.xml
9        android:targetSdkVersion="30" />
9-->src\main\AndroidManifest.xml
10
11    <application
11-->src\main\AndroidManifest.xml:5:5-47:19
12        android:allowBackup="true"
12-->src\main\AndroidManifest.xml:6:9-35
13        android:appComponentFactory="androidx.core.app.CoreComponentFactory"
13-->[androidx.core:core:1.3.1] AndroidManifest.xml:24:18-86
14        android:debuggable="true"
15        android:icon="@drawable/banklogo"
15-->src\main\AndroidManifest.xml:7:9-42
16        android:label="@string/app_name"
16-->src\main\AndroidManifest.xml:8:9-41
17        android:roundIcon="@drawable/bank"
17-->src\main\AndroidManifest.xml:9:9-43
18        android:supportsRtl="true"
18-->src\main\AndroidManifest.xml:10:9-35
19        android:testOnly="true"
20        android:theme="@style/AppTheme_white" >
20-->src\main\AndroidManifest.xml:11:9-46
21        <activity
21-->src\main\AndroidManifest.xml:14:9-22:20
22            android:name="com.sleepingpandaaa.bankingsystem.MainActivity"
22-->src\main\AndroidManifest.xml:14:19-47
23            android:screenOrientation="portrait"
23-->src\main\AndroidManifest.xml:15:13-49
24            android:theme="@style/AppTheme.NoActionBar" >
24-->src\main\AndroidManifest.xml:16:13-56
25            <intent-filter>
25-->src\main\AndroidManifest.xml:17:13-21:29
26                <action android:name="android.intent.action.MAIN" />
26-->src\main\AndroidManifest.xml:18:17-69
26-->src\main\AndroidManifest.xml:18:25-66
27
28                <category android:name="android.intent.category.LAUNCHER" />
28-->src\main\AndroidManifest.xml:20:17-77
28-->src\main\AndroidManifest.xml:20:27-74
29            </intent-filter>
30        </activity>
31        <activity
31-->src\main\AndroidManifest.xml:24:9-28:20
32            android:name="com.sleepingpandaaa.bankingsystem.Userlist"
32-->src\main\AndroidManifest.xml:24:19-43
33            android:label="Banking System"
33-->src\main\AndroidManifest.xml:26:13-43
34            android:screenOrientation="portrait"
34-->src\main\AndroidManifest.xml:25:13-49
35            android:theme="@style/AppTheme" >
35-->src\main\AndroidManifest.xml:27:13-44
36        </activity>
37        <activity
37-->src\main\AndroidManifest.xml:30:9-34:46
38            android:name="com.sleepingpandaaa.bankingsystem.Userdata"
38-->src\main\AndroidManifest.xml:30:19-43
39            android:label="User Details"
39-->src\main\AndroidManifest.xml:33:13-41
40            android:parentActivityName="com.sleepingpandaaa.bankingsystem.Userlist"
40-->src\main\AndroidManifest.xml:31:13-51
41            android:screenOrientation="portrait"
41-->src\main\AndroidManifest.xml:32:13-49
42            android:theme="@style/AppTheme" />
42-->src\main\AndroidManifest.xml:34:13-44
43        <activity
43-->src\main\AndroidManifest.xml:36:9-39:46
44            android:name="com.sleepingpandaaa.bankingsystem.SendToUser"
44-->src\main\AndroidManifest.xml:36:19-45
45            android:label="Transfer Money"
45-->src\main\AndroidManifest.xml:38:13-43
46            android:screenOrientation="portrait"
46-->src\main\AndroidManifest.xml:37:13-49
47            android:theme="@style/AppTheme" />
47-->src\main\AndroidManifest.xml:39:13-44
48        <activity
48-->src\main\AndroidManifest.xml:41:9-45:46
49            android:name="com.sleepingpandaaa.bankingsystem.HistoryList"
49-->src\main\AndroidManifest.xml:41:19-46
50            android:label="Transactions"
50-->src\main\AndroidManifest.xml:44:13-41
51            android:parentActivityName="com.sleepingpandaaa.bankingsystem.Userlist"
51-->src\main\AndroidManifest.xml:42:13-51
52            android:screenOrientation="portrait"
52-->src\main\AndroidManifest.xml:43:13-49
53            android:theme="@style/AppTheme" />
53-->src\main\AndroidManifest.xml:45:13-44
54    </application>
55
56</manifest>